``` graphviz
digraph SyntaxTree0x7ffd69fefa40 {
node [shape=plaintext]
"cat0" [label = "•"]
"cat0" -> "# 0"
"# 0" [label = "# 0"]
}
```

``` graphviz
digraph SyntaxTree0x7ffd69fefa40 {
node [shape=plaintext]
"cat0" [label = "•"]
"cat0" -> "a 0"
"a 0" [label = "a 0"]
"cat0" -> "# 1"
"# 1" [label = "# 1"]
}
```

``` graphviz
digraph SyntaxTree0x7ffd69fefa40 {
node [shape=plaintext]
"cat0" [label = "•"]
"cat0" -> "cat1"
"cat1" [label = "•"]
"cat0" -> "# 3"
"# 3" [label = "# 3"]
"cat1" -> "a 0"
"a 0" [label = "a 0"]
"cat1" -> "cat2"
"cat2" [label = "•"]
"cat2" -> "b 1"
"b 1" [label = "b 1"]
"cat2" -> "c 2"
"c 2" [label = "c 2"]
}
```

``` graphviz
digraph SyntaxTree0x7ffd69fefa40 {
node [shape=plaintext]
"cat0" [label = "•"]
"cat0" -> "cat1"
"cat1" [label = "•"]
"cat0" -> "# 3"
"# 3" [label = "# 3"]
"cat1" -> "or0"
"or0" [label = "|"]
"cat1" -> "star0"
"star0" [label = "*"]
"or0" -> "a 0"
"a 0" [label = "a 0"]
"or0" -> "b 1"
"b 1" [label = "b 1"]
"star0" -> "a 2"
"a 2" [label = "a 2"]
}
```

``` graphviz
digraph SyntaxTree0x7ffd69fefa40 {
node [shape=plaintext]
"cat0" [label = "•"]
"cat0" -> "cat1"
"cat1" [label = "•"]
"cat0" -> "# 12"
"# 12" [label = "# 12"]
"cat1" -> "star0"
"star0" [label = "*"]
"cat1" -> "star1"
"star1" [label = "*"]
"star0" -> "cat2"
"cat2" [label = "•"]
"star0" -> "1 3"
"1 3" [label = "1 3"]
"cat2" -> "l 0"
"l 0" [label = "l 0"]
"cat2" -> "cat3"
"cat3" [label = "•"]
"cat3" -> "i 1"
"i 1" [label = "i 1"]
"cat3" -> "n 2"
"n 2" [label = "n 2"]
"star1" -> "7 4"
"7 4" [label = "7 4"]
"star1" -> "or0"
"or0" [label = "|"]
"or0" -> "cat4"
"cat4" [label = "•"]
"or0" -> "n 11"
"n 11" [label = "n 11"]
"cat4" -> "b 5"
"b 5" [label = "b 5"]
"cat4" -> "cat5"
"cat5" [label = "•"]
"cat5" -> "r 6"
"r 6" [label = "r 6"]
"cat5" -> "cat6"
"cat6" [label = "•"]
"cat6" -> "i 7"
"i 7" [label = "i 7"]
"cat6" -> "cat7"
"cat7" [label = "•"]
"cat7" -> "g 8"
"g 8" [label = "g 8"]
"cat7" -> "cat8"
"cat8" [label = "•"]
"cat8" -> "h 9"
"h 9" [label = "h 9"]
"cat8" -> "t 10"
"t 10" [label = "t 10"]
}
```

